
================================================================
                    DEV PROJECT RUNNER
                  Standalone Installer v1.0 (Debug)
================================================================

 Select installation type:

 [1] RECOMMENDED - Full Installation
     * Detailed progress and logs
     * Error handling and recovery
     * Creates shortcuts and launchers
     * Time: 10-15 minutes

 [2] QUICK - Silent Installation
     * Minimal output, faster setup
     * Progress bar only
     * Essential components only
     * Time: 5-8 minutes

 [3] CUSTOM - Advanced Options
     * Choose components to install
     * Specify installation directory
     * Configure settings

 [4] SYSTEM INFO - Check Requirements

 [5] DEBUG - Test Functions Only

 [0] EXIT

================================================================

Installation Directory: C:\TSXtester\DevProjectRunner\DevProjectRunner
Required Space: ~500MB
Internet Required: Yes (first time only)

Select option (1/2/3/4/5/0): 2
[DEBUG] User selected: 2
[INFO] Quick installation not implemented yet
[INFO] Please use Full Installation (Option 1)
Press any key to continue . . .



================================================================
                    DEV PROJECT RUNNER
                  Standalone Installer v1.0 (Debug)
================================================================

 Select installation type:

 [1] RECOMMENDED - Full Installation
     * Detailed progress and logs
     * Error handling and recovery
     * Creates shortcuts and launchers
     * Time: 10-15 minutes

 [2] QUICK - Silent Installation
     * Minimal output, faster setup
     * Progress bar only
     * Essential components only
     * Time: 5-8 minutes

 [3] CUSTOM - Advanced Options
     * Choose components to install
     * Specify installation directory
     * Configure settings

 [4] SYSTEM INFO - Check Requirements

 [5] DEBUG - Test Functions Only

 [0] EXIT

================================================================

Installation Directory: C:\TSXtester\DevProjectRunner\DevProjectRunner
Required Space: ~500MB
Internet Required: Yes (first time only)

Select option (1/2/3/4/5/0): 3
[DEBUG] User selected: 3
[INFO] Custom installation not implemented yet
[INFO] Please use Full Installation (Option 1)
Press any key to continue . . .


================================================================
                    SYSTEM INFORMATION
================================================================

System Requirements Check:

Operating System:
OS Name:                   Microsoft Windows 10 Pro
OS Version:                10.0.19045 N/A Build 19045
BIOS Version:              American Megatrends International, LLC. 7.05, 11/07/2024

Architecture:
System Type:               x64-based PC

Available Disk Space:
               4 Dir(s)    274613067776 bytes free

Current Directory: C:\TSXtester\DevProjectRunner

Administrator Rights:
  Status: [OK] Administrator

Internet Connectivity:
  Status: [OK] Connected

Node.js Status:
  Installed: [OK]
v22.17.1

[OK] System check complete

Press any key to continue . . .


================================================================
                    DEV PROJECT RUNNER
                  Standalone Installer v1.0 (Debug)
================================================================

 Select installation type:

 [1] RECOMMENDED - Full Installation
     * Detailed progress and logs
     * Error handling and recovery
     * Creates shortcuts and launchers
     * Time: 10-15 minutes

 [2] QUICK - Silent Installation
     * Minimal output, faster setup
     * Progress bar only
     * Essential components only
     * Time: 5-8 minutes

 [3] CUSTOM - Advanced Options
     * Choose components to install
     * Specify installation directory
     * Configure settings

 [4] SYSTEM INFO - Check Requirements

 [5] DEBUG - Test Functions Only

 [0] EXIT

================================================================

Installation Directory: C:\TSXtester\DevProjectRunner
Required Space: ~500MB
Internet Required: Yes (first time only)

Select option (1/2/3/4/5/0): 2
[DEBUG] User selected: 2
[INFO] Quick installation not implemented yet
[INFO] Please use Full Installation (Option 1)
Press any key to continue . . .

================================================================
                    FULL INSTALLATION
================================================================

This will install all components with detailed progress:
* Node.js Runtime (~50MB)
* NPM Dependencies (~200MB)
* Electron Framework (~150MB)
* Build Tools (~100MB)
* Application Files (~10MB)

Total Download: ~510MB
Installation Time: 10-15 minutes

[WARNING] Make sure you have stable internet connection
[WARNING] Do not close this window during installation

Continue with full installation? (Y/n): y

[INFO] Starting Full Installation...
===============================================================

[STEP 1/6] Creating installation directory...
[INFO] Directory already exists: C:\TSXtester\DevProjectRunner
[OK] Working in: C:\TSXtester\DevProjectRunner

[STEP 2/6] Checking Node.js installation...
[OK] Node.js already installed:
v22.17.1

[STEP 3/6] Creating package configuration...
[OK] Package configuration created

[STEP 4/6] Installing dependencies (~300MB)...
[INFO] This will take 5-10 minutes depending on your connection...
[INFO] Please be patient, downloading from npm registry...
[INFO] Do not close this window

npm warn deprecated inflight@1.0.6: This module is not supported, and leaks memory. Do not use it. Check out lru-cache if you want a good and tested way to coalesce async requests by a key value, which is much more comprehensive and powerful.
npm warn deprecated glob@7.2.3: Glob versions prior to v9 are no longer supported
npm warn deprecated boolean@3.2.0: Package no longer supported. Contact Support at https://www.npmjs.com/support for more info.
npm warn cleanup Failed to remove some directories [
npm warn cleanup   [
npm warn cleanup     '\\\\?\\C:\\TSXtester\\DevProjectRunner\\node_modules\\node-pty',
npm warn cleanup     [Error: EPERM: operation not permitted, rmdir 'C:\TSXtester\DevProjectRunner\node_modules\node-pty\build\deps\winpty\src\Release\obj\winpty-agent\deps\winpty\src'] {
npm warn cleanup       errno: -4048,
npm warn cleanup       code: 'EPERM',
npm warn cleanup       syscall: 'rmdir',
npm warn cleanup       path: 'C:\\TSXtester\\DevProjectRunner\\node_modules\\node-pty\\build\\deps\\winpty\\src\\Release\\obj\\winpty-agent\\deps\\winpty\\src'
npm warn cleanup     }
npm warn cleanup   ],
npm warn cleanup   [
npm warn cleanup     'C:\\TSXtester\\DevProjectRunner\\node_modules\\node-pty',
npm warn cleanup     [Error: EPERM: operation not permitted, rmdir 'C:\TSXtester\DevProjectRunner\node_modules\node-pty\build\deps\winpty\src\Release\obj\winpty\deps'] {
npm warn cleanup       errno: -4048,
npm warn cleanup       code: 'EPERM',
npm warn cleanup       syscall: 'rmdir',
npm warn cleanup       path: 'C:\\TSXtester\\DevProjectRunner\\node_modules\\node-pty\\build\\deps\\winpty\\src\\Release\\obj\\winpty\\deps'
npm warn cleanup     }
npm warn cleanup   ]
npm warn cleanup ]
npm error code 1
npm error path C:\TSXtester\DevProjectRunner\node_modules\node-pty
npm error command failed
npm error command C:\Windows\system32\cmd.exe /d /s /c node-gyp rebuild
npm error C:\Program Files\Microsoft Visual Studio\2022\Community\MSBuild\Microsoft\VC\v170\Microsoft.CppBuild.targets(511,5): error MSB8040: Spectre-mitigated libraries are required for this project. Install them from the Visual Studio installer (Individual components tab) for any toolsets and architectures being used. Learn more: https://aka.ms/Ofhn4c [C:\TSXtester\DevProjectRunner\node_modules\node-pty\build\conpty.vcxproj]
npm error C:\Program Files\Microsoft Visual Studio\2022\Community\MSBuild\Microsoft\VC\v170\Microsoft.CppBuild.targets(511,5): error MSB8040: Spectre-mitigated libraries are required for this project. Install them from the Visual Studio installer (Individual components tab) for any toolsets and architectures being used. Learn more: https://aka.ms/Ofhn4c [C:\TSXtester\DevProjectRunner\node_modules\node-pty\build\conpty_console_list.vcxproj]
npm error   Agent.cc
npm error   AgentCreateDesktop.cc
npm error   ConsoleFont.cc
npm error   ConsoleInput.cc
npm error   ConsoleInputReencoding.cc
npm error   ConsoleLine.cc
npm error   DebugShowInput.cc
npm error   DefaultInputMap.cc
npm error   EventLoop.cc
npm error   InputMap.cc
npm error   LargeConsoleRead.cc
npm error   NamedPipe.cc
npm error   Scraper.cc
npm error   Terminal.cc
npm error   Win32Console.cc
npm error   Win32ConsoleBuffer.cc
npm error   main.cc
npm error   BackgroundDesktop.cc
npm error   Buffer.cc
npm error   DebugClient.cc
npm error   GenRandom.cc
npm error   OwnedHandle.cc
npm error   StringUtil.cc
npm error   WindowsSecurity.cc
npm error   WindowsVersion.cc
npm error   WinptyAssert.cc
npm error   WinptyException.cc
npm error   WinptyVersion.cc
npm error   win_delay_load_hook.cc
npm error   Generating code
npm error   Previous IPDB not found, fall back to full compilation.
npm error C:\TSXtester\DevProjectRunner\node_modules\node-pty\deps\winpty\src\agent\Agent.cc(231): warning C4722: 'Agent::~Agent': destructor never returns, potential memory leak [C:\TSXtester\DevProjectRunner\node_modules\node-pty\build\deps\winpty\src\winpty-agent.vcxproj]
npm error   All 1781 functions were compiled because no usable IPDB/IOBJ from previous compilation was found.
npm error   Finished generating code
npm error   winpty-agent.vcxproj -> C:\TSXtester\DevProjectRunner\node_modules\node-pty\build\Release\\winpty-agent.exe
npm error   AgentLocation.cc
npm error   winpty.cc
npm error   BackgroundDesktop.cc
npm error   Buffer.cc
npm error   DebugClient.cc
npm error   GenRandom.cc
npm error   OwnedHandle.cc
npm error   StringUtil.cc
npm error   WindowsSecurity.cc
npm error   WindowsVersion.cc
npm error   WinptyAssert.cc
npm error   WinptyException.cc
npm error   WinptyVersion.cc
npm error   win_delay_load_hook.cc
npm error      Creating library C:\TSXtester\DevProjectRunner\node_modules\node-pty\build\Release\winpty.lib and object C:\TSXtester\DevProjectRunner\node_modules\node-pty\build\Release\winpty.exp
npm error   Generating code
npm error   Previous IPDB not found, fall back to full compilation.
npm error   All 1062 functions were compiled because no usable IPDB/IOBJ from previous compilation was found.
npm error   Finished generating code
npm error   winpty.vcxproj -> C:\TSXtester\DevProjectRunner\node_modules\node-pty\build\Release\\winpty.dll
npm error C:\Program Files\Microsoft Visual Studio\2022\Community\MSBuild\Microsoft\VC\v170\Microsoft.CppBuild.targets(511,5): error MSB8040: Spectre-mitigated libraries are required for this project. Install them from the Visual Studio installer (Individual components tab) for any toolsets and architectures being used. Learn more: https://aka.ms/Ofhn4c [C:\TSXtester\DevProjectRunner\node_modules\node-pty\build\pty.vcxproj]
npm error gyp info it worked if it ends with ok
npm error gyp info using node-gyp@11.2.0
npm error gyp info using node@22.17.1 | win32 | x64
npm error gyp info find Python using Python version 3.12.10 found at "C:\Users\YUZHA\AppData\Local\Programs\Python\Python312\python.exe"
npm error gyp info find VS using VS2022 (17.14.36408.4) found at:
npm error gyp info find VS "C:\Program Files\Microsoft Visual Studio\2022\Community"
npm error gyp info find VS run with --verbose for detailed information
npm error gyp info spawn C:\Users\YUZHA\AppData\Local\Programs\Python\Python312\python.exe
npm error gyp info spawn args [
npm error gyp info spawn args 'C:\\Users\\YUZHA\\AppData\\Roaming\\npm\\node_modules\\npm\\node_modules\\node-gyp\\gyp\\gyp_main.py',
npm error gyp info spawn args 'binding.gyp',
npm error gyp info spawn args '-f',
npm error gyp info spawn args 'msvs',
npm error gyp info spawn args '-I',
npm error gyp info spawn args 'C:\\TSXtester\\DevProjectRunner\\node_modules\\node-pty\\build\\config.gypi',
npm error gyp info spawn args '-I',
npm error gyp info spawn args 'C:\\Users\\YUZHA\\AppData\\Roaming\\npm\\node_modules\\npm\\node_modules\\node-gyp\\addon.gypi',
npm error gyp info spawn args '-I',
npm error gyp info spawn args 'C:\\Users\\YUZHA\\AppData\\Local\\node-gyp\\Cache\\22.17.1\\include\\node\\common.gypi',
npm error gyp info spawn args '-Dlibrary=shared_library',
npm error gyp info spawn args '-Dvisibility=default',
npm error gyp info spawn args '-Dnode_root_dir=C:\\Users\\YUZHA\\AppData\\Local\\node-gyp\\Cache\\22.17.1',
npm error gyp info spawn args '-Dnode_gyp_dir=C:\\Users\\YUZHA\\AppData\\Roaming\\npm\\node_modules\\npm\\node_modules\\node-gyp',
npm error gyp info spawn args '-Dnode_lib_file=C:\\\\Users\\\\YUZHA\\\\AppData\\\\Local\\\\node-gyp\\\\Cache\\\\22.17.1\\\\<(target_arch)\\\\node.lib',
npm error gyp info spawn args '-Dmodule_root_dir=C:\\TSXtester\\DevProjectRunner\\node_modules\\node-pty',
npm error gyp info spawn args '-Dnode_engine=v8',
npm error gyp info spawn args '--depth=.',
npm error gyp info spawn args '--no-parallel',
npm error gyp info spawn args '--generator-output',
npm error gyp info spawn args 'C:\\TSXtester\\DevProjectRunner\\node_modules\\node-pty\\build',
npm error gyp info spawn args '-Goutput_dir=.'
npm error gyp info spawn args ]
npm error gyp info spawn C:\Program Files\Microsoft Visual Studio\2022\Community\MSBuild\Current\Bin\MSBuild.exe
npm error gyp info spawn args [
npm error gyp info spawn args 'build/binding.sln',
npm error gyp info spawn args '/clp:Verbosity=minimal',
npm error gyp info spawn args '/nologo',
npm error gyp info spawn args '/nodeReuse:false',
npm error gyp info spawn args '/p:Configuration=Release;Platform=x64'
npm error gyp info spawn args ]
npm error gyp ERR! build error
npm error gyp ERR! stack Error: `C:\Program Files\Microsoft Visual Studio\2022\Community\MSBuild\Current\Bin\MSBuild.exe` failed with exit code: 1
npm error gyp ERR! stack at ChildProcess.<anonymous> (C:\Users\YUZHA\AppData\Roaming\npm\node_modules\npm\node_modules\node-gyp\lib\build.js:219:23)
npm error gyp ERR! stack at ChildProcess.emit (node:events:518:28)
npm error gyp ERR! stack at ChildProcess._handle.onexit (node:internal/child_process:293:12)
npm error gyp ERR! System Windows_NT 10.0.19045
npm error gyp ERR! command "C:\\Program Files\\nodejs\\node.exe" "C:\\Users\\YUZHA\\AppData\\Roaming\\npm\\node_modules\\npm\\node_modules\\node-gyp\\bin\\node-gyp.js" "rebuild"
npm error gyp ERR! cwd C:\TSXtester\DevProjectRunner\node_modules\node-pty
npm error gyp ERR! node -v v22.17.1
npm error gyp ERR! node-gyp -v v11.2.0
npm error gyp ERR! not ok
npm error A complete log of this run can be found in: C:\Users\YUZHA\AppData\Local\npm-cache\_logs\2025-08-17T09_56_46_752Z-debug-0.log
[ERROR] Failed to install dependencies
[ERROR] This could be due to:
        - No internet connection
        - Firewall blocking npm
        - Insufficient disk space
        - npm registry unavailable

[INFO] You can try again later or check your connection
Press any key to continue . . .
